
> helixos-ai@0.1.0 dev
> next dev

▲ Next.js 16.2.7 (Turbopack)
- Local:         http://localhost:3000
- Network:       http://192.168.137.1:3000
- Environments: .env
✓ Ready in 5.8s
⚠ Slow filesystem detected. The benchmark took 4061ms. If D:\Users\sumit\coding\HelixOS AI\.next/dev is a network drive, consider moving it to a local folder.
See more: https://nextjs.org/docs/app/guides/local-development
○ Compiling middleware ...
⚠ The "middleware" file convention is deprecated. Please use "proxy" instead. Learn more: https://nextjs.org/docs/messages/middleware-to-proxy

 GET / 200 in 1136ms (next.js: 632ms, proxy.ts: 124ms, application-code: 379ms)
○ Compiling /login ...
 GET /login 200 in 5.6s (next.js: 5.4s, proxy.ts: 8ms, application-code: 176ms)
 GET / 200 in 150ms (next.js: 6ms, proxy.ts: 8ms, application-code: 136ms)
 GET /login 200 in 93ms (next.js: 10ms, proxy.ts: 8ms, application-code: 75ms)
 GET /login?next=%2Fdashboard 200 in 190ms (next.js: 14ms, proxy.ts: 8ms, application-code: 168ms)
 GET /login?next=%2Fdashboard 200 in 408ms (next.js: 47ms, proxy.ts: 25ms, application-code: 336ms)
✓ Compiled in 2.9s
 GET /login?next=%2Fdashboard 200 in 2.0s (next.js: 1025ms, proxy.ts: 521ms, application-code: 469ms)
 GET /login?next=%2Fdashboard 200 in 1967ms (next.js: 1119ms, proxy.ts: 498ms, application-code: 350ms)
 GET /login?next=%2Fdashboard 200 in 280ms (next.js: 33ms, proxy.ts: 43ms, application-code: 205ms)
 GET /login?next=%2Fdashboard 200 in 279ms (next.js: 96ms, proxy.ts: 48ms, application-code: 134ms)
 GET /login?next=%2Fdashboard 200 in 955ms (next.js: 175ms, proxy.ts: 81ms, application-code: 698ms)
 GET /login?next=%2Fdashboard 200 in 992ms (next.js: 259ms, proxy.ts: 75ms, application-code: 659ms)
 GET /login?next=%2Fdashboard 200 in 670ms (next.js: 15ms, proxy.ts: 13ms, application-code: 642ms)
 GET /login?next=%2Fdashboard 200 in 668ms (next.js: 55ms, proxy.ts: 9ms, application-code: 604ms)
 GET /login?next=%2Fdashboard 200 in 667ms (next.js: 71ms, proxy.ts: 46ms, application-code: 550ms)
 GET /login?next=%2Fdashboard 200 in 665ms (next.js: 100ms, proxy.ts: 46ms, application-code: 519ms)
 GET /login?next=%2Fdashboard 200 in 660ms (next.js: 129ms, proxy.ts: 41ms, application-code: 490ms)
 GET /login?next=%2Fdashboard 200 in 659ms (next.js: 194ms, proxy.ts: 46ms, application-code: 419ms)
 GET /login?next=%2Fdashboard 200 in 680ms (next.js: 235ms, proxy.ts: 27ms, application-code: 418ms)
 GET /login?next=%2Fdashboard 200 in 679ms (next.js: 273ms, proxy.ts: 28ms, application-code: 378ms)
 GET /login?next=%2Fdashboard 200 in 673ms (next.js: 305ms, proxy.ts: 22ms, application-code: 346ms)
 GET /login?next=%2Fdashboard 200 in 683ms (next.js: 340ms, proxy.ts: 19ms, application-code: 324ms)
 GET /login?next=%2Fdashboard 200 in 470ms (next.js: 43ms, proxy.ts: 12ms, application-code: 415ms)
 GET /login?next=%2Fdashboard 200 in 467ms (next.js: 68ms, proxy.ts: 16ms, application-code: 382ms)
 GET /login?next=%2Fdashboard 200 in 362ms (next.js: 25ms, proxy.ts: 15ms, application-code: 322ms)
 GET /login?next=%2Fdashboard 200 in 361ms (next.js: 72ms, proxy.ts: 16ms, application-code: 273ms)
 GET /login?next=%2Fdashboard 200 in 229ms (next.js: 47ms, proxy.ts: 23ms, application-code: 158ms)
 GET /login?next=%2Fdashboard 200 in 227ms (next.js: 79ms, proxy.ts: 23ms, application-code: 125ms)
 GET /login?next=%2Fdashboard 200 in 205ms (next.js: 88ms, proxy.ts: 25ms, application-code: 93ms)
 GET /login?next=%2Fdashboard 200 in 206ms (next.js: 117ms, proxy.ts: 26ms, application-code: 63ms)
 GET /login?next=%2Fdashboard 200 in 1307ms (next.js: 9ms, proxy.ts: 11ms, application-code: 1288ms)
 GET /login 200 in 126ms (next.js: 11ms, proxy.ts: 12ms, application-code: 102ms)
 GET / 200 in 923ms (next.js: 203ms, proxy.ts: 17ms, application-code: 703ms)
[browser] A tree hydrated but some attributes of the server rendered HTML didn't match the client properties. This won't be patched up. This can happen if a SSR-ed Client Component used:

- A server/client branch `if (typeof window !== 'undefined')`.
- Variable input such as `Date.now()` or `Math.random()` which changes each time it's called.
- Date formatting in a user's locale which doesn't match the server.
- External changing data without sending a snapshot of it along with the HTML.
- Invalid HTML tag nesting.

It can also happen if the client has a browser extension installed which messes with the HTML before React loaded.

https://react.dev/link/hydration-mismatch

  ...
    <div ref={{current:null}} style={{width:"100%", ...}}>
      <div ref={{current:null}} style={{width:1240, ...}}>
        <AppFrameMock>
          <div style={{display:"flex", ...}}>
            <aside>
            <div style={{flex:1, ...}}>
              <header>
              <div style={{flex:1, ...}}>
                <div style={{display:"grid", ...}}>
                  <div style={{display:"flex", ...}}>
                    <div style={{display:"grid", ...}}>
                      <FrameStat label="Monthly Re..." value="$77.4k" delta="8.7%" good={true} spark={[...]} hue={48}>
                        <Card pad="var(--s5)">
                          <div onClick={undefined} onMouseEnter={function onMouseEnter} ...>
                            <div>
                            <div>
                            <div style={{marginTop:14, ...}}>
                              <Sparkline data={[...]} h={40} stroke="oklch(0.62...">
                                <svg width="100%" viewBox="0 0 240 40" preserveAspectRatio="none" ...>
                                  <defs>
                                    <linearGradient
+                                     id="glmh0v"
-                                     id="gj2m13"
                                      x1="0"
                                      y1="0"
                                      x2="0"
                                      y2="1"
                                    >
                                  <path
                                    d="M0.0 34.0 L40.0 30.5 L80.0 26.8 L120.0 22.2 L160.0 17.9 L200.0 12.3 L240.0 6.0 ..."
+                                   fill="url(#glmh0v)"
-                                   fill="url(#gj2m13)"
                                  >
                                  ...
                      <FrameStat label="Active Users" value="14,580" delta="6.6%" good={true} spark={[...]} hue={250}>
                        <Card pad="var(--s5)">
                          <div onClick={undefined} onMouseEnter={function onMouseEnter} ...>
                            <div>
                            <div>
                            <div style={{marginTop:14, ...}}>
                              <Sparkline data={[...]} h={40} stroke="oklch(0.62...">
                                <svg width="100%" viewBox="0 0 240 40" preserveAspectRatio="none" ...>
                                  <defs>
                                    <linearGradient
+                                     id="g9i1z2"
-                                     id="g8tsjs"
                                      x1="0"
                                      y1="0"
                                      x2="0"
                                      y2="1"
                                    >
                                  <path
                                    d="M0.0 34.0 L40.0 30.2 L80.0 26.2 L120.0 21.2 L160.0 17.2 L200.0 11.5 L240.0 6.0 ..."
+                                   fill="url(#g9i1z2)"
-                                   fill="url(#g8tsjs)"
                                  >
                                  ...
                      <FrameStat label="Churn Rate" value="4.9" unit="%" delta="0.2pp" good={true} spark={[...]} hue={25}>
                        <Card pad="var(--s5)">
                          <div onClick={undefined} onMouseEnter={function onMouseEnter} ...>
                            <div>
                            <div>
                            <div style={{marginTop:14, ...}}>
                              <Sparkline data={[...]} h={40} stroke="oklch(0.62...">
                                <svg width="100%" viewBox="0 0 240 40" preserveAspectRatio="none" ...>
                                  <defs>
                                    <linearGradient
+                                     id="gj670o"
-                                     id="g1qnnb"
                                      x1="0"
                                      y1="0"
                                      x2="0"
                                      y2="1"
                                    >
                                  <path
                                    d="M0.0 6.0 L40.0 11.1 L80.0 13.6 L120.0 21.3 L160.0 13.6 L200.0 28.9 L240.0 34.0 ..."
+                                   fill="url(#gj670o)"
-                                   fill="url(#g1qnnb)"
                                  >
                                  ...
                      <FrameStat label="Customer A..." value="$101" delta="$3" good={true} spark={[...]} hue={155}>
                        <Card pad="var(--s5)">
                          <div onClick={undefined} onMouseEnter={function onMouseEnter} ...>
                            <div>
                            <div>
                            <div style={{marginTop:14, ...}}>
                              <Sparkline data={[...]} h={40} stroke="oklch(0.62...">
                                <svg width="100%" viewBox="0 0 240 40" preserveAspectRatio="none" ...>
                                  <defs>
                                    <linearGradient
+                                     id="g1rlsx"
-                                     id="ggaf48"
                                      x1="0"
                                      y1="0"
                                      x2="0"
                                      y2="1"
                                    >
                                  <path
                                    d="M0.0 6.0 L40.0 11.9 L80.0 17.8 L120.0 23.7 L160.0 22.2 L200.0 29.6 L240.0 34.0 ..."
+                                   fill="url(#g1rlsx)"
-                                   fill="url(#ggaf48)"
                                  >
                                  ...
                    ...
                  ...
 
    at <unknown> (file://D:/Users/sumit/coding/HelixOS AI/.next/dev/static/chunks/node_modules_next_dist_compiled_react-dom_096_9a-._.js:3439:25)
    at runWithFiberInDEV (file://D:/Users/sumit/coding/HelixOS AI/.next/dev/static/chunks/node_modules_next_dist_compiled_react-dom_096_9a-._.js:965:74)
    at emitPendingHydrationWarnings (file://D:/Users/sumit/coding/HelixOS AI/.next/dev/static/chunks/node_modules_next_dist_compiled_react-dom_096_9a-._.js:3438:13)
    at completeWork (file://D:/Users/sumit/coding/HelixOS AI/.next/dev/static/chunks/node_modules_next_dist_compiled_react-dom_096_9a-._.js:6885:102)
    at runWithFiberInDEV (file://D:/Users/sumit/coding/HelixOS AI/.next/dev/static/chunks/node_modules_next_dist_compiled_react-dom_096_9a-._.js:965:131)
    at completeUnitOfWork (file://D:/Users/sumit/coding/HelixOS AI/.next/dev/static/chunks/node_modules_next_dist_compiled_react-dom_096_9a-._.js:9622:23)
    at performUnitOfWork (file://D:/Users/sumit/coding/HelixOS AI/.next/dev/static/chunks/node_modules_next_dist_compiled_react-dom_096_9a-._.js:9557:28)
    at workLoopConcurrentByScheduler (file://D:/Users/sumit/coding/HelixOS AI/.next/dev/static/chunks/node_modules_next_dist_compiled_react-dom_096_9a-._.js:9551:58)
    at renderRootConcurrent (file://D:/Users/sumit/coding/HelixOS AI/.next/dev/static/chunks/node_modules_next_dist_compiled_react-dom_096_9a-._.js:9534:71)
    at performWorkOnRoot (file://D:/Users/sumit/coding/HelixOS AI/.next/dev/static/chunks/node_modules_next_dist_compiled_react-dom_096_9a-._.js:9061:150)
    at performWorkOnRootViaSchedulerTask (file://D:/Users/sumit/coding/HelixOS AI/.next/dev/static/chunks/node_modules_next_dist_compiled_react-dom_096_9a-._.js:10255:9)
    at MessagePort.performWorkUntilDeadline (file://D:/Users/sumit/coding/HelixOS AI/.next/dev/static/chunks/node_modules_next_dist_compiled_1amofcm._.js:2647:64) (file://D:/Users/sumit/coding/HelixOS AI/.next/dev/static/chunks/node_modules_next_dist_compiled_react-dom_096_9a-._.js:3439:25)
✓ Compiled in 52ms
 GET / 200 in 1378ms (next.js: 296ms, proxy.ts: 299ms, application-code: 783ms)
 GET /login?next=%2Fdashboard 200 in 1082ms (next.js: 797ms, proxy.ts: 91ms, application-code: 194ms)
[browser] Uncaught ReferenceError: Dot is not defined
    at LoginScreen (file://D:/Users/sumit/coding/HelixOS AI/.next/dev/static/chunks/src_09ta64t._.js?id=%255Bproject%255D%252Fsrc%252Fapp%252Flogin%252Fpage.tsx+%255Bapp-client%255D+%2528ecmascript%2529:277:240)
    at Object.react_stack_bottom_frame (file://D:/Users/sumit/coding/HelixOS AI/.next/dev/static/chunks/node_modules_next_dist_compiled_react-dom_096_9a-._.js:15037:24)
    at renderWithHooks (file://D:/Users/sumit/coding/HelixOS AI/.next/dev/static/chunks/node_modules_next_dist_compiled_react-dom_096_9a-._.js:4620:24)
    at updateFunctionComponent (file://D:/Users/sumit/coding/HelixOS AI/.next/dev/static/chunks/node_modules_next_dist_compiled_react-dom_096_9a-._.js:6081:21)
    at beginWork (file://D:/Users/sumit/coding/HelixOS AI/.next/dev/static/chunks/node_modules_next_dist_compiled_react-dom_096_9a-._.js:6691:24)
    at runWithFiberInDEV (file://D:/Users/sumit/coding/HelixOS AI/.next/dev/static/chunks/node_modules_next_dist_compiled_react-dom_096_9a-._.js:965:74)
    at performUnitOfWork (file://D:/Users/sumit/coding/HelixOS AI/.next/dev/static/chunks/node_modules_next_dist_compiled_react-dom_096_9a-._.js:9555:97)
    at workLoopSync (file://D:/Users/sumit/coding/HelixOS AI/.next/dev/static/chunks/node_modules_next_dist_compiled_react-dom_096_9a-._.js:9449:40)
    at renderRootSync (file://D:/Users/sumit/coding/HelixOS AI/.next/dev/static/chunks/node_modules_next_dist_compiled_react-dom_096_9a-._.js:9433:13)
    at performWorkOnRoot (file://D:/Users/sumit/coding/HelixOS AI/.next/dev/static/chunks/node_modules_next_dist_compiled_react-dom_096_9a-._.js:9061:186)
    at performSyncWorkOnRoot (file://D:/Users/sumit/coding/HelixOS AI/.next/dev/static/chunks/node_modules_next_dist_compiled_react-dom_096_9a-._.js:10263:9)
    at flushSyncWorkAcrossRoots_impl (file://D:/Users/sumit/coding/HelixOS AI/.next/dev/static/chunks/node_modules_next_dist_compiled_react-dom_096_9a-._.js:10179:316)
    at processRootScheduleInMicrotask (file://D:/Users/sumit/coding/HelixOS AI/.next/dev/static/chunks/node_modules_next_dist_compiled_react-dom_096_9a-._.js:10200:106)
    at <unknown> (file://D:/Users/sumit/coding/HelixOS AI/.next/dev/static/chunks/node_modules_next_dist_compiled_react-dom_096_9a-._.js:10274:158)
    at LoginPage (file://D:/Users/sumit/coding/HelixOS AI/.next/dev/static/chunks/src_09ta64t._.js?id=%255Bproject%255D%252Fsrc%252Fapp%252Flogin%252Fpage.tsx+%255Bapp-client%255D+%2528ecmascript%2529:977:221)
    at ClientPageRoot (file://D:/Users/sumit/coding/HelixOS AI/.next/dev/static/chunks/node_modules_next_dist_1e9_p6y._.js:4461:50)
✓ Compiled in 139ms
⚠ Fast Refresh had to perform a full reload due to a runtime error.
 GET / 200 in 843ms (next.js: 359ms, proxy.ts: 144ms, application-code: 340ms)
 GET /login?next=%2Fdashboard 200 in 1670ms (next.js: 1300ms, proxy.ts: 29ms, application-code: 342ms)
✓ Compiled in 44ms
 GET /login?next=%2Fdashboard 200 in 590ms (next.js: 226ms, proxy.ts: 58ms, application-code: 305ms)
 GET / 200 in 530ms (next.js: 465ms, proxy.ts: 12ms, application-code: 53ms)
✓ Compiled in 39ms
 GET /login?next=%2Fdashboard 200 in 341ms (next.js: 152ms, proxy.ts: 57ms, application-code: 131ms)
 GET / 200 in 276ms (next.js: 28ms, proxy.ts: 177ms, application-code: 71ms)
 GET /login?next=%2Fdashboard 200 in 219ms (next.js: 47ms, proxy.ts: 6ms, application-code: 165ms)
[browser] Uncaught TypeError: Cannot read properties of null (reading 'getBoundingClientRect')
    at useSize.useEffect.measure (file://D:/Users/sumit/coding/HelixOS AI/.next/dev/static/chunks/src_10_i55i._.js:1256:43)
✓ Compiled in 75ms
 GET /login?next=%2Fdashboard 200 in 667ms (next.js: 418ms, proxy.ts: 122ms, application-code: 128ms)
 GET /login?next=%2Fdashboard 200 in 644ms (next.js: 481ms, proxy.ts: 72ms, application-code: 91ms)
✓ Compiled in 46ms
 GET /login?next=%2Fdashboard 200 in 1398ms (next.js: 903ms, proxy.ts: 78ms, application-code: 417ms)
 GET /login?next=%2Fdashboard 200 in 1387ms (next.js: 1052ms, proxy.ts: 67ms, application-code: 269ms)
 GET / 200 in 545ms (next.js: 312ms, proxy.ts: 80ms, application-code: 153ms)
 GET /login?next=%2Fdashboard 200 in 90ms (next.js: 5ms, proxy.ts: 8ms, application-code: 77ms)
[browser] Uncaught TypeError: Cannot read properties of null (reading 'getBoundingClientRect')
    at useSize.useEffect.measure (file://D:/Users/sumit/coding/HelixOS AI/.next/dev/static/chunks/src_10_i55i._.js:1256:43)
✓ Compiled in 714ms
 GET /login?next=%2Fdashboard 200 in 456ms (next.js: 123ms, proxy.ts: 50ms, application-code: 282ms)
 GET /login?next=%2Fdashboard 200 in 409ms (next.js: 245ms, proxy.ts: 10ms, application-code: 154ms)
✓ Compiled in 95ms
 GET /login?next=%2Fdashboard 200 in 906ms (next.js: 114ms, proxy.ts: 56ms, application-code: 735ms)
 GET /login?next=%2Fdashboard 200 in 1017ms (next.js: 193ms, proxy.ts: 5ms, application-code: 819ms)
 GET / 200 in 925ms (next.js: 262ms, proxy.ts: 84ms, application-code: 578ms)
[browser] A tree hydrated but some attributes of the server rendered HTML didn't match the client properties. This won't be patched up. This can happen if a SSR-ed Client Component used:

- A server/client branch `if (typeof window !== 'undefined')`.
- Variable input such as `Date.now()` or `Math.random()` which changes each time it's called.
- Date formatting in a user's locale which doesn't match the server.
- External changing data without sending a snapshot of it along with the HTML.
- Invalid HTML tag nesting.

It can also happen if the client has a browser extension installed which messes with the HTML before React loaded.

https://react.dev/link/hydration-mismatch

  ...
    <div ref={{current:null}} style={{width:"100%", ...}}>
      <div ref={{current:null}} style={{width:1240, ...}}>
        <AppFrameMock>
          <div style={{display:"flex", ...}}>
            <aside>
            <div style={{flex:1, ...}}>
              <header>
              <div style={{flex:1, ...}}>
                <div style={{display:"grid", ...}}>
                  <div style={{display:"flex", ...}}>
                    <div style={{display:"grid", ...}}>
                      <FrameStat label="Monthly Re..." value="$77.4k" delta="8.7%" good={true} spark={[...]} hue={48}>
                        <Card pad="var(--s5)">
                          <div onClick={undefined} onMouseEnter={function onMouseEnter} ...>
                            <div>
                            <div>
                            <div style={{marginTop:14, ...}}>
                              <Sparkline data={[...]} h={40} stroke="oklch(0.62...">
                                <svg width="100%" viewBox="0 0 240 40" preserveAspectRatio="none" ...>
                                  <defs>
                                    <linearGradient
+                                     id="gs4s5n"
-                                     id="gfkll9"
                                      x1="0"
                                      y1="0"
                                      x2="0"
                                      y2="1"
                                    >
                                  <path
                                    d="M0.0 34.0 L40.0 30.5 L80.0 26.8 L120.0 22.2 L160.0 17.9 L200.0 12.3 L240.0 6.0 ..."
+                                   fill="url(#gs4s5n)"
-                                   fill="url(#gfkll9)"
                                  >
                                  ...
                      <FrameStat label="Active Users" value="14,580" delta="6.6%" good={true} spark={[...]} hue={250}>
                        <Card pad="var(--s5)">
                          <div onClick={undefined} onMouseEnter={function onMouseEnter} ...>
                            <div>
                            <div>
                            <div style={{marginTop:14, ...}}>
                              <Sparkline data={[...]} h={40} stroke="oklch(0.62...">
                                <svg width="100%" viewBox="0 0 240 40" preserveAspectRatio="none" ...>
                                  <defs>
                                    <linearGradient
+                                     id="g7rm3g"
-                                     id="gdrv34"
                                      x1="0"
                                      y1="0"
                                      x2="0"
                                      y2="1"
                                    >
                                  <path
                                    d="M0.0 34.0 L40.0 30.2 L80.0 26.2 L120.0 21.2 L160.0 17.2 L200.0 11.5 L240.0 6.0 ..."
+                                   fill="url(#g7rm3g)"
-                                   fill="url(#gdrv34)"
                                  >
                                  ...
                      <FrameStat label="Churn Rate" value="4.9" unit="%" delta="0.2pp" good={true} spark={[...]} hue={25}>
                        <Card pad="var(--s5)">
                          <div onClick={undefined} onMouseEnter={function onMouseEnter} ...>
                            <div>
                            <div>
                            <div style={{marginTop:14, ...}}>
                              <Sparkline data={[...]} h={40} stroke="oklch(0.62...">
                                <svg width="100%" viewBox="0 0 240 40" preserveAspectRatio="none" ...>
                                  <defs>
                                    <linearGradient
+                                     id="gym1b7"
-                                     id="g6ds33"
                                      x1="0"
                                      y1="0"
                                      x2="0"
                                      y2="1"
                                    >
                                  <path
                                    d="M0.0 6.0 L40.0 11.1 L80.0 13.6 L120.0 21.3 L160.0 13.6 L200.0 28.9 L240.0 34.0 ..."
+                                   fill="url(#gym1b7)"
-                                   fill="url(#g6ds33)"
                                  >
                                  ...
                      <FrameStat label="Customer A..." value="$101" delta="$3" good={true} spark={[...]} hue={155}>
                        <Card pad="var(--s5)">
                          <div onClick={undefined} onMouseEnter={function onMouseEnter} ...>
                            <div>
                            <div>
                            <div style={{marginTop:14, ...}}>
                              <Sparkline data={[...]} h={40} stroke="oklch(0.62...">
                                <svg width="100%" viewBox="0 0 240 40" preserveAspectRatio="none" ...>
                                  <defs>
                                    <linearGradient
+                                     id="g8jz71"
-                                     id="g1qq3q"
                                      x1="0"
                                      y1="0"
                                      x2="0"
                                      y2="1"
                                    >
                                  <path
                                    d="M0.0 6.0 L40.0 11.9 L80.0 17.8 L120.0 23.7 L160.0 22.2 L200.0 29.6 L240.0 34.0 ..."
+                                   fill="url(#g8jz71)"
-                                   fill="url(#g1qq3q)"
                                  >
                                  ...
                    ...
                  ...
 
    at <unknown> (file://D:/Users/sumit/coding/HelixOS AI/.next/dev/static/chunks/node_modules_next_dist_compiled_react-dom_096_9a-._.js:3439:25)
    at runWithFiberInDEV (file://D:/Users/sumit/coding/HelixOS AI/.next/dev/static/chunks/node_modules_next_dist_compiled_react-dom_096_9a-._.js:965:74)
    at emitPendingHydrationWarnings (file://D:/Users/sumit/coding/HelixOS AI/.next/dev/static/chunks/node_modules_next_dist_compiled_react-dom_096_9a-._.js:3438:13)
    at completeWork (file://D:/Users/sumit/coding/HelixOS AI/.next/dev/static/chunks/node_modules_next_dist_compiled_react-dom_096_9a-._.js:6885:102)
    at runWithFiberInDEV (file://D:/Users/sumit/coding/HelixOS AI/.next/dev/static/chunks/node_modules_next_dist_compiled_react-dom_096_9a-._.js:965:131)
    at completeUnitOfWork (file://D:/Users/sumit/coding/HelixOS AI/.next/dev/static/chunks/node_modules_next_dist_compiled_react-dom_096_9a-._.js:9622:23)
    at performUnitOfWork (file://D:/Users/sumit/coding/HelixOS AI/.next/dev/static/chunks/node_modules_next_dist_compiled_react-dom_096_9a-._.js:9557:28)
    at workLoopConcurrentByScheduler (file://D:/Users/sumit/coding/HelixOS AI/.next/dev/static/chunks/node_modules_next_dist_compiled_react-dom_096_9a-._.js:9551:58)
    at renderRootConcurrent (file://D:/Users/sumit/coding/HelixOS AI/.next/dev/static/chunks/node_modules_next_dist_compiled_react-dom_096_9a-._.js:9534:71)
    at performWorkOnRoot (file://D:/Users/sumit/coding/HelixOS AI/.next/dev/static/chunks/node_modules_next_dist_compiled_react-dom_096_9a-._.js:9061:150)
    at performWorkOnRootViaSchedulerTask (file://D:/Users/sumit/coding/HelixOS AI/.next/dev/static/chunks/node_modules_next_dist_compiled_react-dom_096_9a-._.js:10255:9)
    at MessagePort.performWorkUntilDeadline (file://D:/Users/sumit/coding/HelixOS AI/.next/dev/static/chunks/node_modules_next_dist_compiled_1amofcm._.js:2647:64) (file://D:/Users/sumit/coding/HelixOS AI/.next/dev/static/chunks/node_modules_next_dist_compiled_react-dom_096_9a-._.js:3439:25)
✓ Compiled in 120ms
 GET / 200 in 712ms (next.js: 412ms, proxy.ts: 69ms, application-code: 232ms)
 GET /login?next=%2Fdashboard 200 in 114ms (next.js: 23ms, proxy.ts: 40ms, application-code: 51ms)
✓ Compiled in 126ms
 GET / 200 in 413ms (next.js: 223ms, proxy.ts: 96ms, application-code: 94ms)
 GET /login?next=%2Fdashboard 200 in 624ms (next.js: 260ms, proxy.ts: 10ms, application-code: 353ms)
 GET /login 200 in 848ms (next.js: 48ms, proxy.ts: 8ms, application-code: 792ms)
 GET / 200 in 594ms (next.js: 42ms, proxy.ts: 14ms, application-code: 538ms)
[browser] A tree hydrated but some attributes of the server rendered HTML didn't match the client properties. This won't be patched up. This can happen if a SSR-ed Client Component used:

- A server/client branch `if (typeof window !== 'undefined')`.
- Variable input such as `Date.now()` or `Math.random()` which changes each time it's called.
- Date formatting in a user's locale which doesn't match the server.
- External changing data without sending a snapshot of it along with the HTML.
- Invalid HTML tag nesting.

It can also happen if the client has a browser extension installed which messes with the HTML before React loaded.

https://react.dev/link/hydration-mismatch

  ...
    <div ref={{current:null}} style={{width:"100%", ...}}>
      <div ref={{current:null}} style={{width:1240, ...}}>
        <AppFrameMock>
          <div style={{display:"flex", ...}}>
            <aside>
            <div style={{flex:1, ...}}>
              <header>
              <div style={{flex:1, ...}}>
                <div style={{display:"grid", ...}}>
                  <div style={{display:"flex", ...}}>
                    <div style={{display:"grid", ...}}>
                      <FrameStat label="Monthly Re..." value="$77.4k" delta="8.7%" good={true} spark={[...]} hue={48}>
                        <Card pad="var(--s5)">
                          <div onClick={undefined} onMouseEnter={function onMouseEnter} ...>
                            <div>
                            <div>
                            <div style={{marginTop:14, ...}}>
                              <Sparkline data={[...]} h={40} stroke="oklch(0.62...">
                                <svg width="100%" viewBox="0 0 240 40" preserveAspectRatio="none" ...>
                                  <defs>
                                    <linearGradient
+                                     id="go0hnp"
-                                     id="ggmhdv"
                                      x1="0"
                                      y1="0"
                                      x2="0"
                                      y2="1"
                                    >
                                  <path
                                    d="M0.0 34.0 L40.0 30.5 L80.0 26.8 L120.0 22.2 L160.0 17.9 L200.0 12.3 L240.0 6.0 ..."
+                                   fill="url(#go0hnp)"
-                                   fill="url(#ggmhdv)"
                                  >
                                  ...
                      <FrameStat label="Active Users" value="14,580" delta="6.6%" good={true} spark={[...]} hue={250}>
                        <Card pad="var(--s5)">
                          <div onClick={undefined} onMouseEnter={function onMouseEnter} ...>
                            <div>
                            <div>
                            <div style={{marginTop:14, ...}}>
                              <Sparkline data={[...]} h={40} stroke="oklch(0.62...">
                                <svg width="100%" viewBox="0 0 240 40" preserveAspectRatio="none" ...>
                                  <defs>
                                    <linearGradient
+                                     id="gxorxs"
-                                     id="g5y71c"
                                      x1="0"
                                      y1="0"
                                      x2="0"
                                      y2="1"
                                    >
                                  <path
                                    d="M0.0 34.0 L40.0 30.2 L80.0 26.2 L120.0 21.2 L160.0 17.2 L200.0 11.5 L240.0 6.0 ..."
+                                   fill="url(#gxorxs)"
-                                   fill="url(#g5y71c)"
                                  >
                                  ...
                      <FrameStat label="Churn Rate" value="4.9" unit="%" delta="0.2pp" good={true} spark={[...]} hue={25}>
                        <Card pad="var(--s5)">
                          <div onClick={undefined} onMouseEnter={function onMouseEnter} ...>
                            <div>
                            <div>
                            <div style={{marginTop:14, ...}}>
                              <Sparkline data={[...]} h={40} stroke="oklch(0.62...">
                                <svg width="100%" viewBox="0 0 240 40" preserveAspectRatio="none" ...>
                                  <defs>
                                    <linearGradient
+                                     id="guue37"
-                                     id="gomwqt"
                                      x1="0"
                                      y1="0"
                                      x2="0"
                                      y2="1"
                                    >
                                  <path
                                    d="M0.0 6.0 L40.0 11.1 L80.0 13.6 L120.0 21.3 L160.0 13.6 L200.0 28.9 L240.0 34.0 ..."
+                                   fill="url(#guue37)"
-                                   fill="url(#gomwqt)"
                                  >
                                  ...
                      <FrameStat label="Customer A..." value="$101" delta="$3" good={true} spark={[...]} hue={155}>
                        <Card pad="var(--s5)">
                          <div onClick={undefined} onMouseEnter={function onMouseEnter} ...>
                            <div>
                            <div>
                            <div style={{marginTop:14, ...}}>
                              <Sparkline data={[...]} h={40} stroke="oklch(0.62...">
                                <svg width="100%" viewBox="0 0 240 40" preserveAspectRatio="none" ...>
                                  <defs>
                                    <linearGradient
+                                     id="ghyh0j"
-                                     id="gfbqsh"
                                      x1="0"
                                      y1="0"
                                      x2="0"
                                      y2="1"
                                    >
                                  <path
                                    d="M0.0 6.0 L40.0 11.9 L80.0 17.8 L120.0 23.7 L160.0 22.2 L200.0 29.6 L240.0 34.0 ..."
+                                   fill="url(#ghyh0j)"
-                                   fill="url(#gfbqsh)"
                                  >
                                  ...
                    ...
                  ...
 
    at <unknown> (file://D:/Users/sumit/coding/HelixOS AI/.next/dev/static/chunks/node_modules_next_dist_compiled_react-dom_096_9a-._.js:3439:25)
    at runWithFiberInDEV (file://D:/Users/sumit/coding/HelixOS AI/.next/dev/static/chunks/node_modules_next_dist_compiled_react-dom_096_9a-._.js:965:74)
    at emitPendingHydrationWarnings (file://D:/Users/sumit/coding/HelixOS AI/.next/dev/static/chunks/node_modules_next_dist_compiled_react-dom_096_9a-._.js:3438:13)
    at completeWork (file://D:/Users/sumit/coding/HelixOS AI/.next/dev/static/chunks/node_modules_next_dist_compiled_react-dom_096_9a-._.js:6885:102)
    at runWithFiberInDEV (file://D:/Users/sumit/coding/HelixOS AI/.next/dev/static/chunks/node_modules_next_dist_compiled_react-dom_096_9a-._.js:965:131)
    at completeUnitOfWork (file://D:/Users/sumit/coding/HelixOS AI/.next/dev/static/chunks/node_modules_next_dist_compiled_react-dom_096_9a-._.js:9622:23)
    at performUnitOfWork (file://D:/Users/sumit/coding/HelixOS AI/.next/dev/static/chunks/node_modules_next_dist_compiled_react-dom_096_9a-._.js:9557:28)
    at workLoopConcurrentByScheduler (file://D:/Users/sumit/coding/HelixOS AI/.next/dev/static/chunks/node_modules_next_dist_compiled_react-dom_096_9a-._.js:9551:58)
    at renderRootConcurrent (file://D:/Users/sumit/coding/HelixOS AI/.next/dev/static/chunks/node_modules_next_dist_compiled_react-dom_096_9a-._.js:9534:71)
    at performWorkOnRoot (file://D:/Users/sumit/coding/HelixOS AI/.next/dev/static/chunks/node_modules_next_dist_compiled_react-dom_096_9a-._.js:9061:150)
    at performWorkOnRootViaSchedulerTask (file://D:/Users/sumit/coding/HelixOS AI/.next/dev/static/chunks/node_modules_next_dist_compiled_react-dom_096_9a-._.js:10255:9)
    at MessagePort.performWorkUntilDeadline (file://D:/Users/sumit/coding/HelixOS AI/.next/dev/static/chunks/node_modules_next_dist_compiled_1amofcm._.js:2647:64) (file://D:/Users/sumit/coding/HelixOS AI/.next/dev/static/chunks/node_modules_next_dist_compiled_react-dom_096_9a-._.js:3439:25)
 GET /login?next=%2Fdashboard 200 in 208ms (next.js: 14ms, proxy.ts: 17ms, application-code: 177ms)
 GET / 200 in 335ms (next.js: 17ms, proxy.ts: 9ms, application-code: 309ms)
[browser] A tree hydrated but some attributes of the server rendered HTML didn't match the client properties. This won't be patched up. This can happen if a SSR-ed Client Component used:

- A server/client branch `if (typeof window !== 'undefined')`.
- Variable input such as `Date.now()` or `Math.random()` which changes each time it's called.
- Date formatting in a user's locale which doesn't match the server.
- External changing data without sending a snapshot of it along with the HTML.
- Invalid HTML tag nesting.

It can also happen if the client has a browser extension installed which messes with the HTML before React loaded.

https://react.dev/link/hydration-mismatch

  ...
    <div ref={{current:null}} style={{width:"100%", ...}}>
      <div ref={{current:null}} style={{width:1240, ...}}>
        <AppFrameMock>
          <div style={{display:"flex", ...}}>
            <aside>
            <div style={{flex:1, ...}}>
              <header>
              <div style={{flex:1, ...}}>
                <div style={{display:"grid", ...}}>
                  <div style={{display:"flex", ...}}>
                    <div style={{display:"grid", ...}}>
                      <FrameStat label="Monthly Re..." value="$77.4k" delta="8.7%" good={true} spark={[...]} hue={48}>
                        <Card pad="var(--s5)">
                          <div onClick={undefined} onMouseEnter={function onMouseEnter} ...>
                            <div>
                            <div>
                            <div style={{marginTop:14, ...}}>
                              <Sparkline data={[...]} h={40} stroke="oklch(0.62...">
                                <svg width="100%" viewBox="0 0 240 40" preserveAspectRatio="none" ...>
                                  <defs>
                                    <linearGradient
+                                     id="gh36u6"
-                                     id="ghinve"
                                      x1="0"
                                      y1="0"
                                      x2="0"
                                      y2="1"
                                    >
                                  <path
                                    d="M0.0 34.0 L40.0 30.5 L80.0 26.8 L120.0 22.2 L160.0 17.9 L200.0 12.3 L240.0 6.0 ..."
+                                   fill="url(#gh36u6)"
-                                   fill="url(#ghinve)"
                                  >
                                  ...
                      <FrameStat label="Active Users" value="14,580" delta="6.6%" good={true} spark={[...]} hue={250}>
                        <Card pad="var(--s5)">
                          <div onClick={undefined} onMouseEnter={function onMouseEnter} ...>
                            <div>
                            <div>
                            <div style={{marginTop:14, ...}}>
                              <Sparkline data={[...]} h={40} stroke="oklch(0.62...">
                                <svg width="100%" viewBox="0 0 240 40" preserveAspectRatio="none" ...>
                                  <defs>
                                    <linearGradient
+                                     id="gd2xgs"
-                                     id="gbhf3r"
                                      x1="0"
                                      y1="0"
                                      x2="0"
                                      y2="1"
                                    >
                                  <path
                                    d="M0.0 34.0 L40.0 30.2 L80.0 26.2 L120.0 21.2 L160.0 17.2 L200.0 11.5 L240.0 6.0 ..."
+                                   fill="url(#gd2xgs)"
-                                   fill="url(#gbhf3r)"
                                  >
                                  ...
                      <FrameStat label="Churn Rate" value="4.9" unit="%" delta="0.2pp" good={true} spark={[...]} hue={25}>
                        <Card pad="var(--s5)">
                          <div onClick={undefined} onMouseEnter={function onMouseEnter} ...>
                            <div>
                            <div>
                            <div style={{marginTop:14, ...}}>
                              <Sparkline data={[...]} h={40} stroke="oklch(0.62...">
                                <svg width="100%" viewBox="0 0 240 40" preserveAspectRatio="none" ...>
                                  <defs>
                                    <linearGradient
+                                     id="g8ig32"
-                                     id="gebpsh"
                                      x1="0"
                                      y1="0"
                                      x2="0"
                                      y2="1"
                                    >
                                  <path
                                    d="M0.0 6.0 L40.0 11.1 L80.0 13.6 L120.0 21.3 L160.0 13.6 L200.0 28.9 L240.0 34.0 ..."
+                                   fill="url(#g8ig32)"
-                                   fill="url(#gebpsh)"
                                  >
                                  ...
                      <FrameStat label="Customer A..." value="$101" delta="$3" good={true} spark={[...]} hue={155}>
                        <Card pad="var(--s5)">
                          <div onClick={undefined} onMouseEnter={function onMouseEnter} ...>
                            <div>
                            <div>
                            <div style={{marginTop:14, ...}}>
                              <Sparkline data={[...]} h={40} stroke="oklch(0.62...">
                                <svg width="100%" viewBox="0 0 240 40" preserveAspectRatio="none" ...>
                                  <defs>
                                    <linearGradient
+                                     id="g65g3y"
-                                     id="gw482u"
                                      x1="0"
                                      y1="0"
                                      x2="0"
                                      y2="1"
                                    >
                                  <path
                                    d="M0.0 6.0 L40.0 11.9 L80.0 17.8 L120.0 23.7 L160.0 22.2 L200.0 29.6 L240.0 34.0 ..."
+                                   fill="url(#g65g3y)"
-                                   fill="url(#gw482u)"
                                  >
                                  ...
                    ...
                  ...
 
    at <unknown> (file://D:/Users/sumit/coding/HelixOS AI/.next/dev/static/chunks/node_modules_next_dist_compiled_react-dom_096_9a-._.js:3439:25)
    at runWithFiberInDEV (file://D:/Users/sumit/coding/HelixOS AI/.next/dev/static/chunks/node_modules_next_dist_compiled_react-dom_096_9a-._.js:965:74)
    at emitPendingHydrationWarnings (file://D:/Users/sumit/coding/HelixOS AI/.next/dev/static/chunks/node_modules_next_dist_compiled_react-dom_096_9a-._.js:3438:13)
    at completeWork (file://D:/Users/sumit/coding/HelixOS AI/.next/dev/static/chunks/node_modules_next_dist_compiled_react-dom_096_9a-._.js:6885:102)
    at runWithFiberInDEV (file://D:/Users/sumit/coding/HelixOS AI/.next/dev/static/chunks/node_modules_next_dist_compiled_react-dom_096_9a-._.js:965:131)
    at completeUnitOfWork (file://D:/Users/sumit/coding/HelixOS AI/.next/dev/static/chunks/node_modules_next_dist_compiled_react-dom_096_9a-._.js:9622:23)
    at performUnitOfWork (file://D:/Users/sumit/coding/HelixOS AI/.next/dev/static/chunks/node_modules_next_dist_compiled_react-dom_096_9a-._.js:9557:28)
    at workLoopConcurrentByScheduler (file://D:/Users/sumit/coding/HelixOS AI/.next/dev/static/chunks/node_modules_next_dist_compiled_react-dom_096_9a-._.js:9551:58)
    at renderRootConcurrent (file://D:/Users/sumit/coding/HelixOS AI/.next/dev/static/chunks/node_modules_next_dist_compiled_react-dom_096_9a-._.js:9534:71)
    at performWorkOnRoot (file://D:/Users/sumit/coding/HelixOS AI/.next/dev/static/chunks/node_modules_next_dist_compiled_react-dom_096_9a-._.js:9061:150)
    at performWorkOnRootViaSchedulerTask (file://D:/Users/sumit/coding/HelixOS AI/.next/dev/static/chunks/node_modules_next_dist_compiled_react-dom_096_9a-._.js:10255:9)
    at MessagePort.performWorkUntilDeadline (file://D:/Users/sumit/coding/HelixOS AI/.next/dev/static/chunks/node_modules_next_dist_compiled_1amofcm._.js:2647:64) (file://D:/Users/sumit/coding/HelixOS AI/.next/dev/static/chunks/node_modules_next_dist_compiled_react-dom_096_9a-._.js:3439:25)
✓ Compiled in 354ms
 GET / 200 in 1495ms (next.js: 874ms, proxy.ts: 411ms, application-code: 210ms)
 GET / 200 in 1492ms (next.js: 803ms, proxy.ts: 423ms, application-code: 266ms)
 GET / 200 in 142ms (next.js: 21ms, proxy.ts: 46ms, application-code: 76ms)
 GET / 200 in 142ms (next.js: 52ms, proxy.ts: 44ms, application-code: 46ms)
 GET / 200 in 666ms (next.js: 16ms, proxy.ts: 13ms, application-code: 637ms)
 GET / 200 in 504ms (next.js: 235ms, proxy.ts: 62ms, application-code: 207ms)
 GET / 200 in 92ms (next.js: 15ms, proxy.ts: 10ms, application-code: 68ms)
 GET / 200 in 461ms (next.js: 173ms, proxy.ts: 45ms, application-code: 244ms)
 GET / 200 in 525ms (next.js: 377ms, proxy.ts: 46ms, application-code: 102ms)
✓ Compiled in 1817ms
 GET / 200 in 539ms (next.js: 280ms, proxy.ts: 57ms, application-code: 203ms)
 GET / 200 in 482ms (next.js: 336ms, proxy.ts: 39ms, application-code: 107ms)
 GET / 200 in 393ms (next.js: 17ms, proxy.ts: 11ms, application-code: 365ms)
 GET / 200 in 633ms (next.js: 18ms, proxy.ts: 8ms, application-code: 608ms)
 GET / 200 in 569ms (next.js: 269ms, proxy.ts: 51ms, application-code: 249ms)
 GET / 200 in 109ms (next.js: 16ms, proxy.ts: 25ms, application-code: 69ms)
 GET / 200 in 761ms (next.js: 432ms, proxy.ts: 54ms, application-code: 275ms)
 GET / 200 in 91ms (next.js: 13ms, proxy.ts: 13ms, application-code: 65ms)
 GET / 200 in 770ms (next.js: 11ms, proxy.ts: 15ms, application-code: 744ms)
 GET /login?next=%2Fdashboard 200 in 530ms (next.js: 412ms, proxy.ts: 5ms, application-code: 113ms)
[browser] Uncaught TypeError: Cannot read properties of null (reading 'getBoundingClientRect')
    at useSize.useEffect.measure (file://D:/Users/sumit/coding/HelixOS AI/.next/dev/static/chunks/src_10_i55i._.js:1260:43)
 GET /login?next=%2Fdashboard 200 in 62ms (next.js: 6ms, proxy.ts: 10ms, application-code: 45ms)
[browser] Uncaught TypeError: Cannot read properties of null (reading 'getBoundingClientRect')
    at useSize.useEffect.measure (file://D:/Users/sumit/coding/HelixOS AI/.next/dev/static/chunks/src_10_i55i._.js:1260:43)
✓ Compiled in 2.7s
 GET /login?next=%2Fdashboard 200 in 756ms (next.js: 216ms, proxy.ts: 88ms, application-code: 452ms)
 GET / 200 in 564ms (next.js: 167ms, proxy.ts: 234ms, application-code: 164ms)
 GET /login?next=%2Fdashboard 200 in 335ms (next.js: 213ms, proxy.ts: 9ms, application-code: 113ms)
 GET / 200 in 79ms (next.js: 16ms, proxy.ts: 5ms, application-code: 58ms)
✓ Compiled in 2.3s
⨯ ./src/app/login/page.tsx:233:10
the name `Wordmark` is defined multiple times
  [90m231 |[0m
  [90m232 |[0m [90m// Two-tone logotype: "Helix" in ink, "OS" in an accent gradient.[0m
[31m[1m>[0m [90m233 |[0m [36mfunction[0m [33mWordmark[0m({ size = [35m23[0m }: { size?: number }) {
  [90m    |[0m          [31m[1m^^^^^^^^[0m
  [90m234 |[0m   [36mreturn[0m (
  [90m235 |[0m     <span style={{ fontSize: size, fontWeight: [35m800[0m, letterSpacing: [32m"-.035em"[0m, lineHeight:.[35m.[0m.
  [90m236 |[0m       <span style={{ color: [32m"var(--text)"[0m }}>[33mHelix[0m</span>

Ecmascript file had an error

Import traces:
  Client Component Browser:
    ./src/app/login/page.tsx [Client Component Browser]
    ./src/app/login/page.tsx [Server Component]

  Client Component SSR:
    ./src/app/login/page.tsx [Client Component SSR]
    ./src/app/login/page.tsx [Server Component]


[browser] ./src/app/login/page.tsx:233:10
the name `Wordmark` is defined multiple times
  231 |
  232 | // Two-tone logotype: "Helix" in ink, "OS" in an accent gradient.
> 233 | function Wordmark({ size = 23 }: { size?: number }) {
      |          ^^^^^^^^
  234 |   return (
  235 |     <span style={{ fontSize: size, fontWeight: 800, letterSpacing: "-.035em", lineHeight:...
  236 |       <span style={{ color: "var(--text)" }}>Helix</span>

Ecmascript file had an error

Import traces:
  Client Component Browser:
    ./src/app/login/page.tsx [Client Component Browser]
    ./src/app/login/page.tsx [Server Component]

  Client Component SSR:
    ./src/app/login/page.tsx [Client Component SSR]
    ./src/app/login/page.tsx [Server Component] 
    at handleErrors (file://D:/Users/sumit/coding/HelixOS AI/.next/dev/static/chunks/node_modules_next_dist_client_0r5nbpw._.js:13951:21)
    at processMessage (file://D:/Users/sumit/coding/HelixOS AI/.next/dev/static/chunks/node_modules_next_dist_client_0r5nbpw._.js:14014:21)
    at WebSocket.handleMessage (file://D:/Users/sumit/coding/HelixOS AI/.next/dev/static/chunks/node_modules_next_dist_client_0r5nbpw._.js:13458:52) (file://D:/Users/sumit/coding/HelixOS AI/.next/dev/static/chunks/node_modules_next_dist_client_0r5nbpw._.js:13951:21)
[browser] ./src/app/login/page.tsx:233:10
the name `Wordmark` is defined multiple times
  231 |
  232 | // Two-tone logotype: "Helix" in ink, "OS" in an accent gradient.
> 233 | function Wordmark({ size = 23 }: { size?: number }) {
      |          ^^^^^^^^
  234 |   return (
  235 |     <span style={{ fontSize: size, fontWeight: 800, letterSpacing: "-.035em", lineHeight:...
  236 |       <span style={{ color: "var(--text)" }}>Helix</span>

Ecmascript file had an error

Import traces:
  Client Component Browser:
    ./src/app/login/page.tsx [Client Component Browser]
    ./src/app/login/page.tsx [Server Component]

  Client Component SSR:
    ./src/app/login/page.tsx [Client Component SSR]
    ./src/app/login/page.tsx [Server Component] 
    at handleErrors (file://D:/Users/sumit/coding/HelixOS AI/.next/dev/static/chunks/node_modules_next_dist_client_0r5nbpw._.js:13951:21)
    at processMessage (file://D:/Users/sumit/coding/HelixOS AI/.next/dev/static/chunks/node_modules_next_dist_client_0r5nbpw._.js:14014:21)
    at WebSocket.handleMessage (file://D:/Users/sumit/coding/HelixOS AI/.next/dev/static/chunks/node_modules_next_dist_client_0r5nbpw._.js:13458:52) (file://D:/Users/sumit/coding/HelixOS AI/.next/dev/static/chunks/node_modules_next_dist_client_0r5nbpw._.js:13951:21)
○ Compiling /_error ...
[browser] ./src/app/login/page.tsx:229:10
the name `Wordmark` is defined multiple times
  227 |
  228 | // Two-tone logotype: "Helix" in ink, "OS" in an accent gradient.
> 229 | function Wordmark({ size = 23 }: { size?: number }) {
      |          ^^^^^^^^
  230 |   return (
  231 |     <span style={{ fontSize: size, fontWeight: 800, letterSpacing: "-.035em", lineHeight:...
  232 |       <span style={{ color: "var(--text)" }}>Helix</span>

Ecmascript file had an error

Import traces:
  Client Component Browser:
    ./src/app/login/page.tsx [Client Component Browser]
    ./src/app/login/page.tsx [Server Component]

  Client Component SSR:
    ./src/app/login/page.tsx [Client Component SSR]
    ./src/app/login/page.tsx [Server Component] 
    at handleErrors (file://D:/Users/sumit/coding/HelixOS AI/.next/dev/static/chunks/node_modules_next_dist_client_0r5nbpw._.js:13951:21)
    at processMessage (file://D:/Users/sumit/coding/HelixOS AI/.next/dev/static/chunks/node_modules_next_dist_client_0r5nbpw._.js:14014:21)
    at WebSocket.handleMessage (file://D:/Users/sumit/coding/HelixOS AI/.next/dev/static/chunks/node_modules_next_dist_client_0r5nbpw._.js:13458:52) (file://D:/Users/sumit/coding/HelixOS AI/.next/dev/static/chunks/node_modules_next_dist_client_0r5nbpw._.js:13951:21)
[browser] ./src/app/login/page.tsx:229:10
the name `Wordmark` is defined multiple times
  227 |
  228 | // Two-tone logotype: "Helix" in ink, "OS" in an accent gradient.
> 229 | function Wordmark({ size = 23 }: { size?: number }) {
      |          ^^^^^^^^
  230 |   return (
  231 |     <span style={{ fontSize: size, fontWeight: 800, letterSpacing: "-.035em", lineHeight:...
  232 |       <span style={{ color: "var(--text)" }}>Helix</span>

Ecmascript file had an error

Import traces:
  Client Component Browser:
    ./src/app/login/page.tsx [Client Component Browser]
    ./src/app/login/page.tsx [Server Component]

  Client Component SSR:
    ./src/app/login/page.tsx [Client Component SSR]
    ./src/app/login/page.tsx [Server Component] 
    at handleErrors (file://D:/Users/sumit/coding/HelixOS AI/.next/dev/static/chunks/node_modules_next_dist_client_0r5nbpw._.js:13951:21)
    at processMessage (file://D:/Users/sumit/coding/HelixOS AI/.next/dev/static/chunks/node_modules_next_dist_client_0r5nbpw._.js:14014:21)
    at WebSocket.handleMessage (file://D:/Users/sumit/coding/HelixOS AI/.next/dev/static/chunks/node_modules_next_dist_client_0r5nbpw._.js:13458:52) (file://D:/Users/sumit/coding/HelixOS AI/.next/dev/static/chunks/node_modules_next_dist_client_0r5nbpw._.js:13951:21)
 GET / 500 in 17.5s (next.js: 15.5s, proxy.ts: 241ms, application-code: 1668ms)
 GET /login?next=%2Fdashboard 500 in 17.5s (next.js: 16.9s, proxy.ts: 248ms, application-code: 274ms)
[browser] ./src/app/login/page.tsx:229:10
the name `Wordmark` is defined multiple times
  227 |
  228 | // Two-tone logotype: "Helix" in ink, "OS" in an accent gradient.
> 229 | function Wordmark({ size = 23 }: { size?: number }) {
      |          ^^^^^^^^
  230 |   return (
  231 |     <span style={{ fontSize: size, fontWeight: 800, letterSpacing: "-.035em", lineHeight:...
  232 |       <span style={{ color: "var(--text)" }}>Helix</span>

Ecmascript file had an error

Import traces:
  Client Component Browser:
    ./src/app/login/page.tsx [Client Component Browser]
    ./src/app/login/page.tsx [Server Component]

  Client Component SSR:
    ./src/app/login/page.tsx [Client Component SSR]
    ./src/app/login/page.tsx [Server Component] 
    at handleErrors (file://D:/Users/sumit/coding/HelixOS AI/.next/dev/static/chunks/node_modules_next_dist_client_0r5nbpw._.js:13951:21)
    at processMessage (file://D:/Users/sumit/coding/HelixOS AI/.next/dev/static/chunks/node_modules_next_dist_client_0r5nbpw._.js:14014:21)
    at WebSocket.handleMessage (file://D:/Users/sumit/coding/HelixOS AI/.next/dev/static/chunks/node_modules_next_dist_client_0r5nbpw._.js:13458:52) (file://D:/Users/sumit/coding/HelixOS AI/.next/dev/static/chunks/node_modules_next_dist_client_0r5nbpw._.js:13951:21)
[browser] ./src/app/login/page.tsx:229:10
the name `Wordmark` is defined multiple times
  227 |
  228 | // Two-tone logotype: "Helix" in ink, "OS" in an accent gradient.
> 229 | function Wordmark({ size = 23 }: { size?: number }) {
      |          ^^^^^^^^
  230 |   return (
  231 |     <span style={{ fontSize: size, fontWeight: 800, letterSpacing: "-.035em", lineHeight:...
  232 |       <span style={{ color: "var(--text)" }}>Helix</span>

Ecmascript file had an error

Import traces:
  Client Component Browser:
    ./src/app/login/page.tsx [Client Component Browser]
    ./src/app/login/page.tsx [Server Component]

  Client Component SSR:
    ./src/app/login/page.tsx [Client Component SSR]
    ./src/app/login/page.tsx [Server Component] 
    at handleErrors (file://D:/Users/sumit/coding/HelixOS AI/.next/dev/static/chunks/node_modules_next_dist_client_0r5nbpw._.js:13951:21)
    at processMessage (file://D:/Users/sumit/coding/HelixOS AI/.next/dev/static/chunks/node_modules_next_dist_client_0r5nbpw._.js:14014:21)
    at WebSocket.handleMessage (file://D:/Users/sumit/coding/HelixOS AI/.next/dev/static/chunks/node_modules_next_dist_client_0r5nbpw._.js:13458:52) (file://D:/Users/sumit/coding/HelixOS AI/.next/dev/static/chunks/node_modules_next_dist_client_0r5nbpw._.js:13951:21)
[browser] ./src/app/login/page.tsx:229:10
the name `Wordmark` is defined multiple times
  227 |
  228 | // Two-tone logotype: "Helix" in ink, "OS" in an accent gradient.
> 229 | function Wordmark({ size = 23 }: { size?: number }) {
      |          ^^^^^^^^
  230 |   return (
  231 |     <span style={{ fontSize: size, fontWeight: 800, letterSpacing: "-.035em", lineHeight:...
  232 |       <span style={{ color: "var(--text)" }}>Helix</span>

Ecmascript file had an error

Import traces:
  Client Component Browser:
    ./src/app/login/page.tsx [Client Component Browser]
    ./src/app/login/page.tsx [Server Component]

  Client Component SSR:
    ./src/app/login/page.tsx [Client Component SSR]
    ./src/app/login/page.tsx [Server Component] 
    at handleErrors (file://D:/Users/sumit/coding/HelixOS AI/.next/dev/static/chunks/node_modules_next_dist_client_0r5nbpw._.js:13951:21)
    at processMessage (file://D:/Users/sumit/coding/HelixOS AI/.next/dev/static/chunks/node_modules_next_dist_client_0r5nbpw._.js:14014:21)
    at WebSocket.handleMessage (file://D:/Users/sumit/coding/HelixOS AI/.next/dev/static/chunks/node_modules_next_dist_client_0r5nbpw._.js:13458:52) (file://D:/Users/sumit/coding/HelixOS AI/.next/dev/static/chunks/node_modules_next_dist_client_0r5nbpw._.js:13951:21)
[browser] ./src/app/login/page.tsx:229:10
the name `Wordmark` is defined multiple times
  227 |
  228 | // Two-tone logotype: "Helix" in ink, "OS" in an accent gradient.
> 229 | function Wordmark({ size = 23 }: { size?: number }) {
      |          ^^^^^^^^
  230 |   return (
  231 |     <span style={{ fontSize: size, fontWeight: 800, letterSpacing: "-.035em", lineHeight:...
  232 |       <span style={{ color: "var(--text)" }}>Helix</span>

Ecmascript file had an error

Import traces:
  Client Component Browser:
    ./src/app/login/page.tsx [Client Component Browser]
    ./src/app/login/page.tsx [Server Component]

  Client Component SSR:
    ./src/app/login/page.tsx [Client Component SSR]
    ./src/app/login/page.tsx [Server Component] 
    at handleErrors (file://D:/Users/sumit/coding/HelixOS AI/.next/dev/static/chunks/node_modules_next_dist_client_0r5nbpw._.js:13951:21)
    at processMessage (file://D:/Users/sumit/coding/HelixOS AI/.next/dev/static/chunks/node_modules_next_dist_client_0r5nbpw._.js:14014:21)
    at WebSocket.handleMessage (file://D:/Users/sumit/coding/HelixOS AI/.next/dev/static/chunks/node_modules_next_dist_client_0r5nbpw._.js:13458:52) (file://D:/Users/sumit/coding/HelixOS AI/.next/dev/static/chunks/node_modules_next_dist_client_0r5nbpw._.js:13951:21)
 GET / 500 in 1716ms (next.js: 678ms, proxy.ts: 566ms, application-code: 471ms)
 GET / 500 in 1617ms (next.js: 915ms, proxy.ts: 456ms, application-code: 246ms)
✓ Compiled in 1986ms
 GET /login?next=%2Fdashboard 200 in 4.5s (next.js: 3.2s, proxy.ts: 481ms, application-code: 799ms)
 GET /login?next=%2Fdashboard 200 in 4.6s (next.js: 3.1s, proxy.ts: 286ms, application-code: 1229ms)
[browser] Uncaught Error: ./src/app/login/page.tsx:229:10
the name `Wordmark` is defined multiple times
  227 |
  228 | // Two-tone logotype: "Helix" in ink, "OS" in an accent gradient.
> 229 | function Wordmark({ size = 23 }: { size?: number }) {
      |          ^^^^^^^^
  230 |   return (
  231 |     <span style={{ fontSize: size, fontWeight: 800, letterSpacing: "-.035em", lineHeight:...
  232 |       <span style={{ color: "var(--text)" }}>Helix</span>

Ecmascript file had an error

Import traces:
  Client Component Browser:
    ./src/app/login/page.tsx [Client Component Browser]
    ./src/app/login/page.tsx [Server Component]

  Client Component SSR:
    ./src/app/login/page.tsx [Client Component SSR]
    ./src/app/login/page.tsx [Server Component]


    at <unknown> (Error: ./src/app/login/page.tsx:229:10)
    at <unknown> (Error: (./src/app/login/page.tsx:229:10)
⨯ ReferenceError: Wordmark is not defined
    at Homepage (src\components\home\Homepage.tsx:240:16)
  238 |             <BrandMark size={34} />
  239 |             <div style={{ lineHeight: 1 }}>
> 240 |               <Wordmark size={22} />
      |                ^
  241 |               <div className="mono" style={{ fontSize: 10.5, color: "var(--text-3)", lett...
  242 |             </div>
  243 |           </div> {
  digest: '3576003460'
}
 GET /login?next=%2Fdashboard 200 in 1354ms (next.js: 413ms, proxy.ts: 123ms, application-code: 818ms)
 GET / 500 in 1231ms (next.js: 892ms, proxy.ts: 20ms, application-code: 319ms)
✓ Compiled in 110ms
⚠ Fast Refresh had to perform a full reload due to a runtime error.
⨯ ReferenceError: Wordmark is not defined
    at Homepage (src\components\home\Homepage.tsx:240:16)
  238 |             <BrandMark size={34} />
  239 |             <div style={{ lineHeight: 1 }}>
> 240 |               <Wordmark size={22} />
      |                ^
  241 |               <div className="mono" style={{ fontSize: 10.5, color: "var(--text-3)", lett...
  242 |             </div>
  243 |           </div> {
  digest: '3956589480'
}
 GET /login?next=%2Fdashboard 200 in 744ms (next.js: 170ms, proxy.ts: 117ms, application-code: 457ms)
 GET / 500 in 626ms (next.js: 361ms, proxy.ts: 17ms, application-code: 249ms)
[browser] Uncaught ReferenceError: Wordmark is not defined
    at Homepage (file://D:/Users/sumit/coding/HelixOS AI/.next/dev/static/chunks/src_10_i55i._.js:4458:244)
    at Object.react_stack_bottom_frame (file://D:/Users/sumit/coding/HelixOS AI/.next/dev/static/chunks/node_modules_next_dist_compiled_react-dom_096_9a-._.js:15037:24)
    at renderWithHooks (file://D:/Users/sumit/coding/HelixOS AI/.next/dev/static/chunks/node_modules_next_dist_compiled_react-dom_096_9a-._.js:4620:24)
    at updateFunctionComponent (file://D:/Users/sumit/coding/HelixOS AI/.next/dev/static/chunks/node_modules_next_dist_compiled_react-dom_096_9a-._.js:6081:21)
    at beginWork (file://D:/Users/sumit/coding/HelixOS AI/.next/dev/static/chunks/node_modules_next_dist_compiled_react-dom_096_9a-._.js:6665:639)
    at runWithFiberInDEV (file://D:/Users/sumit/coding/HelixOS AI/.next/dev/static/chunks/node_modules_next_dist_compiled_react-dom_096_9a-._.js:965:74)
    at performUnitOfWork (file://D:/Users/sumit/coding/HelixOS AI/.next/dev/static/chunks/node_modules_next_dist_compiled_react-dom_096_9a-._.js:9555:97)
    at workLoopSync (file://D:/Users/sumit/coding/HelixOS AI/.next/dev/static/chunks/node_modules_next_dist_compiled_react-dom_096_9a-._.js:9449:40)
    at renderRootSync (file://D:/Users/sumit/coding/HelixOS AI/.next/dev/static/chunks/node_modules_next_dist_compiled_react-dom_096_9a-._.js:9433:13)
    at performWorkOnRoot (file://D:/Users/sumit/coding/HelixOS AI/.next/dev/static/chunks/node_modules_next_dist_compiled_react-dom_096_9a-._.js:9098:47)
    at performWorkOnRootViaSchedulerTask (file://D:/Users/sumit/coding/HelixOS AI/.next/dev/static/chunks/node_modules_next_dist_compiled_react-dom_096_9a-._.js:10255:9)
    at MessagePort.performWorkUntilDeadline (file://D:/Users/sumit/coding/HelixOS AI/.next/dev/static/chunks/node_modules_next_dist_compiled_1amofcm._.js:2647:64)
    at Home (src\app\page.tsx:6:10)
  4 | // its CTAs route into the live app at /dashboard.
  5 | export default function Home() {
> 6 |   return <Homepage />;
    |          ^
  7 | }
  8 |
⨯ ReferenceError: Wordmark is not defined
    at Homepage (src\components\home\Homepage.tsx:240:16)
  238 |             <BrandMark size={34} />
  239 |             <div style={{ lineHeight: 1 }}>
> 240 |               <Wordmark size={22} />
      |                ^
  241 |               <div className="mono" style={{ fontSize: 10.5, color: "var(--text-3)", lett...
  242 |             </div>
  243 |           </div> {
  digest: '3956589480'
}
 GET /? 500 in 149ms (next.js: 14ms, proxy.ts: 14ms, application-code: 121ms)
[browser] Uncaught ReferenceError: Wordmark is not defined
    at Homepage (file://D:/Users/sumit/coding/HelixOS AI/.next/dev/static/chunks/src_10_i55i._.js:4458:244)
    at Object.react_stack_bottom_frame (file://D:/Users/sumit/coding/HelixOS AI/.next/dev/static/chunks/node_modules_next_dist_compiled_react-dom_096_9a-._.js:15037:24)
    at renderWithHooks (file://D:/Users/sumit/coding/HelixOS AI/.next/dev/static/chunks/node_modules_next_dist_compiled_react-dom_096_9a-._.js:4620:24)
    at updateFunctionComponent (file://D:/Users/sumit/coding/HelixOS AI/.next/dev/static/chunks/node_modules_next_dist_compiled_react-dom_096_9a-._.js:6081:21)
    at beginWork (file://D:/Users/sumit/coding/HelixOS AI/.next/dev/static/chunks/node_modules_next_dist_compiled_react-dom_096_9a-._.js:6665:639)
    at runWithFiberInDEV (file://D:/Users/sumit/coding/HelixOS AI/.next/dev/static/chunks/node_modules_next_dist_compiled_react-dom_096_9a-._.js:965:74)
    at performUnitOfWork (file://D:/Users/sumit/coding/HelixOS AI/.next/dev/static/chunks/node_modules_next_dist_compiled_react-dom_096_9a-._.js:9555:97)
    at workLoopSync (file://D:/Users/sumit/coding/HelixOS AI/.next/dev/static/chunks/node_modules_next_dist_compiled_react-dom_096_9a-._.js:9449:40)
    at renderRootSync (file://D:/Users/sumit/coding/HelixOS AI/.next/dev/static/chunks/node_modules_next_dist_compiled_react-dom_096_9a-._.js:9433:13)
    at performWorkOnRoot (file://D:/Users/sumit/coding/HelixOS AI/.next/dev/static/chunks/node_modules_next_dist_compiled_react-dom_096_9a-._.js:9098:47)
    at performWorkOnRootViaSchedulerTask (file://D:/Users/sumit/coding/HelixOS AI/.next/dev/static/chunks/node_modules_next_dist_compiled_react-dom_096_9a-._.js:10255:9)
    at MessagePort.performWorkUntilDeadline (file://D:/Users/sumit/coding/HelixOS AI/.next/dev/static/chunks/node_modules_next_dist_compiled_1amofcm._.js:2647:64)
    at Home (src\app\page.tsx:6:10)
  4 | // its CTAs route into the live app at /dashboard.
  5 | export default function Home() {
> 6 |   return <Homepage />;
    |          ^
  7 | }
  8 |
⨯ ReferenceError: Wordmark is not defined
    at Homepage (src\components\home\Homepage.tsx:240:16)
  238 |             <BrandMark size={34} />
  239 |             <div style={{ lineHeight: 1 }}>
> 240 |               <Wordmark size={22} />
      |                ^
  241 |               <div className="mono" style={{ fontSize: 10.5, color: "var(--text-3)", lett...
  242 |             </div>
  243 |           </div> {
  digest: '3956589480'
}
 GET /login?next=%2Fdashboard 200 in 926ms (next.js: 112ms, proxy.ts: 59ms, application-code: 756ms)
 GET / 500 in 944ms (next.js: 179ms, proxy.ts: 10ms, application-code: 755ms)
[browser] Uncaught ReferenceError: Wordmark is not defined
    at Homepage (file://D:/Users/sumit/coding/HelixOS AI/.next/dev/static/chunks/src_10_i55i._.js:4458:244)
    at Object.react_stack_bottom_frame (file://D:/Users/sumit/coding/HelixOS AI/.next/dev/static/chunks/node_modules_next_dist_compiled_react-dom_096_9a-._.js:15037:24)
    at renderWithHooks (file://D:/Users/sumit/coding/HelixOS AI/.next/dev/static/chunks/node_modules_next_dist_compiled_react-dom_096_9a-._.js:4620:24)
    at updateFunctionComponent (file://D:/Users/sumit/coding/HelixOS AI/.next/dev/static/chunks/node_modules_next_dist_compiled_react-dom_096_9a-._.js:6081:21)
    at beginWork (file://D:/Users/sumit/coding/HelixOS AI/.next/dev/static/chunks/node_modules_next_dist_compiled_react-dom_096_9a-._.js:6665:639)
    at runWithFiberInDEV (file://D:/Users/sumit/coding/HelixOS AI/.next/dev/static/chunks/node_modules_next_dist_compiled_react-dom_096_9a-._.js:965:74)
    at performUnitOfWork (file://D:/Users/sumit/coding/HelixOS AI/.next/dev/static/chunks/node_modules_next_dist_compiled_react-dom_096_9a-._.js:9555:97)
    at workLoopSync (file://D:/Users/sumit/coding/HelixOS AI/.next/dev/static/chunks/node_modules_next_dist_compiled_react-dom_096_9a-._.js:9449:40)
    at renderRootSync (file://D:/Users/sumit/coding/HelixOS AI/.next/dev/static/chunks/node_modules_next_dist_compiled_react-dom_096_9a-._.js:9433:13)
    at performWorkOnRoot (file://D:/Users/sumit/coding/HelixOS AI/.next/dev/static/chunks/node_modules_next_dist_compiled_react-dom_096_9a-._.js:9098:47)
    at performWorkOnRootViaSchedulerTask (file://D:/Users/sumit/coding/HelixOS AI/.next/dev/static/chunks/node_modules_next_dist_compiled_react-dom_096_9a-._.js:10255:9)
    at MessagePort.performWorkUntilDeadline (file://D:/Users/sumit/coding/HelixOS AI/.next/dev/static/chunks/node_modules_next_dist_compiled_1amofcm._.js:2647:64)
    at Home (src\app\page.tsx:6:10)
  4 | // its CTAs route into the live app at /dashboard.
  5 | export default function Home() {
> 6 |   return <Homepage />;
    |          ^
  7 | }
  8 |
⨯ ReferenceError: Wordmark is not defined
    at Homepage (src\components\home\Homepage.tsx:240:16)
  238 |             <BrandMark size={34} />
  239 |             <div style={{ lineHeight: 1 }}>
> 240 |               <Wordmark size={22} />
      |                ^
  241 |               <div className="mono" style={{ fontSize: 10.5, color: "var(--text-3)", lett...
  242 |             </div>
  243 |           </div> {
  digest: '3956589480'
}
 GET /login?next=%2Fdashboard 200 in 544ms (next.js: 97ms, proxy.ts: 35ms, application-code: 413ms)
 GET / 500 in 714ms (next.js: 171ms, proxy.ts: 35ms, application-code: 508ms)
 GET /login?next=%2Fdashboard 200 in 482ms (next.js: 179ms, proxy.ts: 15ms, application-code: 288ms)
[browser] Uncaught ReferenceError: Wordmark is not defined
    at Homepage (file://D:/Users/sumit/coding/HelixOS AI/.next/dev/static/chunks/src_10_i55i._.js:4458:244)
    at Object.react_stack_bottom_frame (file://D:/Users/sumit/coding/HelixOS AI/.next/dev/static/chunks/node_modules_next_dist_compiled_react-dom_096_9a-._.js:15037:24)
    at renderWithHooks (file://D:/Users/sumit/coding/HelixOS AI/.next/dev/static/chunks/node_modules_next_dist_compiled_react-dom_096_9a-._.js:4620:24)
    at updateFunctionComponent (file://D:/Users/sumit/coding/HelixOS AI/.next/dev/static/chunks/node_modules_next_dist_compiled_react-dom_096_9a-._.js:6081:21)
    at beginWork (file://D:/Users/sumit/coding/HelixOS AI/.next/dev/static/chunks/node_modules_next_dist_compiled_react-dom_096_9a-._.js:6665:639)
    at runWithFiberInDEV (file://D:/Users/sumit/coding/HelixOS AI/.next/dev/static/chunks/node_modules_next_dist_compiled_react-dom_096_9a-._.js:965:74)
    at performUnitOfWork (file://D:/Users/sumit/coding/HelixOS AI/.next/dev/static/chunks/node_modules_next_dist_compiled_react-dom_096_9a-._.js:9555:97)
    at workLoopSync (file://D:/Users/sumit/coding/HelixOS AI/.next/dev/static/chunks/node_modules_next_dist_compiled_react-dom_096_9a-._.js:9449:40)
    at renderRootSync (file://D:/Users/sumit/coding/HelixOS AI/.next/dev/static/chunks/node_modules_next_dist_compiled_react-dom_096_9a-._.js:9433:13)
    at performWorkOnRoot (file://D:/Users/sumit/coding/HelixOS AI/.next/dev/static/chunks/node_modules_next_dist_compiled_react-dom_096_9a-._.js:9098:47)
    at performWorkOnRootViaSchedulerTask (file://D:/Users/sumit/coding/HelixOS AI/.next/dev/static/chunks/node_modules_next_dist_compiled_react-dom_096_9a-._.js:10255:9)
    at MessagePort.performWorkUntilDeadline (file://D:/Users/sumit/coding/HelixOS AI/.next/dev/static/chunks/node_modules_next_dist_compiled_1amofcm._.js:2647:64)
    at Home (src\app\page.tsx:6:10)
  4 | // its CTAs route into the live app at /dashboard.
  5 | export default function Home() {
> 6 |   return <Homepage />;
    |          ^
  7 | }
  8 |
✓ Compiled in 479ms
⚠ Fast Refresh had to perform a full reload due to a runtime error.
⨯ ReferenceError: Wordmark is not defined
    at AppFrameMock (src\components\home\visuals.tsx:172:14)
  170 |           <BrandMark size={30} />
  171 |           <div style={{ lineHeight: 1 }}>
> 172 |             <Wordmark size={18} />
      |              ^
  173 |             <div className="mono" style={{ fontSize: 9.5, color: "var(--text-3)", letterS...
  174 |           </div>
  175 |         </div> {
  digest: '950504267'
}
 GET /login?next=%2Fdashboard 200 in 1201ms (next.js: 261ms, proxy.ts: 40ms, application-code: 900ms)
 GET / 500 in 1197ms (next.js: 477ms, proxy.ts: 15ms, application-code: 704ms)
 GET /login?next=%2Fdashboard 200 in 603ms (next.js: 55ms, proxy.ts: 270ms, application-code: 278ms)
✓ Compiled in 177ms
⚠ Fast Refresh had to perform a full reload due to a runtime error.
 GET /login?next=%2Fdashboard 200 in 444ms (next.js: 154ms, proxy.ts: 62ms, application-code: 228ms)
 GET / 200 in 1170ms (next.js: 844ms, proxy.ts: 7ms, application-code: 319ms)
 GET /login?next=%2Fdashboard 200 in 117ms (next.js: 18ms, proxy.ts: 14ms, application-code: 85ms)
○ Compiling /auth/callback ...
 GET /auth/callback?error=access_denied&error_description=&next=%2Fdashboard 307 in 3.6s (next.js: 3.6s, proxy.ts: 13ms, application-code: 48ms)
 GET /login?next=%2Fdashboard 200 in 451ms (next.js: 10ms, proxy.ts: 8ms, application-code: 433ms)
 GET /auth/callback?code=36d40838-e313-4c8d-bb93-b2ccf9c54f4e&next=%2Fdashboard 307 in 362ms (next.js: 5ms, proxy.ts: 15ms, application-code: 342ms)
 GET /dashboard 200 in 9.3s (next.js: 750ms, proxy.ts: 107ms, application-code: 8.5s)
✓ Compiled in 739ms
 GET /login?next=%2Fdashboard 200 in 638ms (next.js: 358ms, proxy.ts: 94ms, application-code: 186ms)
 GET /dashboard 200 in 2.4s (next.js: 215ms, proxy.ts: 2.0s, application-code: 184ms)
✓ Compiled in 121ms
 GET /login?next=%2Fdashboard 200 in 452ms (next.js: 274ms, proxy.ts: 62ms, application-code: 116ms)
 GET /dashboard 200 in 931ms (next.js: 489ms, proxy.ts: 146ms, application-code: 296ms)
✓ Compiled in 181ms
 GET /login?next=%2Fdashboard 200 in 501ms (next.js: 284ms, proxy.ts: 68ms, application-code: 149ms)
 GET /dashboard 200 in 1725ms (next.js: 822ms, proxy.ts: 683ms, application-code: 220ms)
✓ Compiled in 1533ms
 GET /login?next=%2Fdashboard 200 in 911ms (next.js: 440ms, proxy.ts: 185ms, application-code: 287ms)
 GET /login?next=%2Fdashboard 200 in 88ms (next.js: 13ms, proxy.ts: 9ms, application-code: 65ms)
 GET /dashboard 200 in 1165ms (next.js: 376ms, proxy.ts: 453ms, application-code: 336ms)
 GET /dashboard 200 in 230ms (next.js: 15ms, proxy.ts: 103ms, application-code: 112ms)
✓ Compiled in 93ms
 GET /login?next=%2Fdashboard 200 in 383ms (next.js: 183ms, proxy.ts: 49ms, application-code: 151ms)
 GET /dashboard 200 in 1295ms (next.js: 404ms, proxy.ts: 722ms, application-code: 168ms)
✓ Compiled in 74ms
 GET /login?next=%2Fdashboard 200 in 233ms (next.js: 101ms, proxy.ts: 44ms, application-code: 87ms)
 GET /dashboard 200 in 563ms (next.js: 168ms, proxy.ts: 319ms, application-code: 77ms)
✓ Compiled in 624ms
 GET /login?next=%2Fdashboard 200 in 335ms (next.js: 176ms, proxy.ts: 55ms, application-code: 105ms)
 GET /dashboard 200 in 2.3s (next.js: 256ms, proxy.ts: 1899ms, application-code: 133ms)
✓ Compiled in 512ms
 GET /login?next=%2Fdashboard 200 in 263ms (next.js: 115ms, proxy.ts: 48ms, application-code: 101ms)
 GET /login?next=%2Fdashboard 200 in 85ms (next.js: 20ms, proxy.ts: 11ms, application-code: 55ms)
 GET /dashboard 200 in 1049ms (next.js: 219ms, proxy.ts: 713ms, application-code: 117ms)
 GET /dashboard 200 in 578ms (next.js: 13ms, proxy.ts: 467ms, application-code: 97ms)
✓ Compiled in 100ms
 GET /login?next=%2Fdashboard 200 in 238ms (next.js: 108ms, proxy.ts: 54ms, application-code: 76ms)
 GET /dashboard 200 in 597ms (next.js: 241ms, proxy.ts: 282ms, application-code: 73ms)
✓ Compiled in 99ms
 GET /login?next=%2Fdashboard 200 in 394ms (next.js: 185ms, proxy.ts: 94ms, application-code: 115ms)
 GET /dashboard 200 in 662ms (next.js: 255ms, proxy.ts: 186ms, application-code: 221ms)
✓ Compiled in 260ms
 GET /login?next=%2Fdashboard 200 in 288ms (next.js: 113ms, proxy.ts: 55ms, application-code: 120ms)
 GET /dashboard 200 in 679ms (next.js: 358ms, proxy.ts: 191ms, application-code: 130ms)
✓ Compiled in 159ms
 GET /login?next=%2Fdashboard 200 in 298ms (next.js: 183ms, proxy.ts: 52ms, application-code: 63ms)
 GET /dashboard 200 in 863ms (next.js: 384ms, proxy.ts: 343ms, application-code: 135ms)
✓ Compiled in 174ms
 GET /login?next=%2Fdashboard 200 in 594ms (next.js: 175ms, proxy.ts: 68ms, application-code: 351ms)
 GET /dashboard 200 in 1000ms (next.js: 369ms, proxy.ts: 414ms, application-code: 217ms)
✓ Compiled in 179ms
 GET /login?next=%2Fdashboard 200 in 473ms (next.js: 318ms, proxy.ts: 46ms, application-code: 108ms)
 GET /dashboard 200 in 466ms (next.js: 225ms, proxy.ts: 148ms, application-code: 93ms)
✓ Compiled in 89ms
 GET /login?next=%2Fdashboard 200 in 214ms (next.js: 113ms, proxy.ts: 52ms, application-code: 49ms)
 GET /dashboard 200 in 525ms (next.js: 184ms, proxy.ts: 276ms, application-code: 65ms)
✓ Compiled in 114ms
⚠ Fast Refresh had to perform a full reload due to a runtime error.
 GET /login?next=%2Fdashboard 200 in 379ms (next.js: 217ms, proxy.ts: 65ms, application-code: 98ms)
 GET /dashboard 200 in 2.3s (next.js: 217ms, proxy.ts: 428ms, application-code: 1676ms)
✓ Compiled in 105ms
 GET /login?next=%2Fdashboard 200 in 302ms (next.js: 131ms, proxy.ts: 50ms, application-code: 121ms)
 GET /dashboard 200 in 785ms (next.js: 226ms, proxy.ts: 449ms, application-code: 110ms)
 GET / 200 in 291ms (next.js: 28ms, proxy.ts: 8ms, application-code: 255ms)
 GET /login 200 in 132ms (next.js: 10ms, proxy.ts: 4ms, application-code: 118ms)
✓ Compiled in 298ms
 GET /login?next=%2Fdashboard 200 in 663ms (next.js: 280ms, proxy.ts: 33ms, application-code: 350ms)
 GET /dashboard 200 in 2.5s (next.js: 501ms, proxy.ts: 1846ms, application-code: 167ms)
✓ Compiled in 1755ms
 GET /login?next=%2Fdashboard 200 in 2.7s (next.js: 1709ms, proxy.ts: 724ms, application-code: 298ms)
 GET /dashboard 200 in 3.9s (next.js: 730ms, proxy.ts: 784ms, application-code: 2.4s)
✓ Compiled in 2s
 GET /login?next=%2Fdashboard 200 in 695ms (next.js: 330ms, proxy.ts: 302ms, application-code: 63ms)
 GET /dashboard 200 in 759ms (next.js: 279ms, proxy.ts: 349ms, application-code: 132ms)
✓ Compiled in 754ms
 GET /login?next=%2Fdashboard 200 in 900ms (next.js: 626ms, proxy.ts: 156ms, application-code: 119ms)
 GET /dashboard 200 in 1502ms (next.js: 862ms, proxy.ts: 341ms, application-code: 300ms)
✓ Compiled in 110ms
 GET /login?next=%2Fdashboard 200 in 308ms (next.js: 179ms, proxy.ts: 50ms, application-code: 80ms)
 GET /dashboard 200 in 755ms (next.js: 408ms, proxy.ts: 182ms, application-code: 165ms)
✓ Compiled in 83ms
 GET /login?next=%2Fdashboard 200 in 1294ms (next.js: 742ms, proxy.ts: 334ms, application-code: 218ms)
 GET /dashboard 200 in 2.3s (next.js: 368ms, proxy.ts: 1900ms, application-code: 77ms)
✓ Compiled in 170ms
⚠ Fast Refresh had to perform a full reload due to a runtime error.
 GET /login?next=%2Fdashboard 200 in 1037ms (next.js: 777ms, proxy.ts: 107ms, application-code: 153ms)
 GET /dashboard 200 in 4.9s (next.js: 820ms, proxy.ts: 1134ms, application-code: 3.0s)
✓ Finished filesystem cache database compaction in 11.8s
✓ Compiled in 188ms
 GET /login?next=%2Fdashboard 200 in 597ms (next.js: 253ms, proxy.ts: 63ms, application-code: 281ms)
 GET /dashboard 200 in 1331ms (next.js: 304ms, proxy.ts: 915ms, application-code: 112ms)
✓ Compiled in 87ms
⚠ Fast Refresh had to perform a full reload due to a runtime error.
 GET /login?next=%2Fdashboard 200 in 577ms (next.js: 275ms, proxy.ts: 65ms, application-code: 237ms)
 GET /dashboard 200 in 2.9s (next.js: 431ms, proxy.ts: 652ms, application-code: 1837ms)
 GET / 200 in 911ms (next.js: 332ms, proxy.ts: 4ms, application-code: 574ms)
 GET /login 200 in 527ms (next.js: 7ms, proxy.ts: 6ms, application-code: 514ms)
 GET /dashboard 200 in 1862ms (next.js: 14ms, proxy.ts: 567ms, application-code: 1281ms)
 GET /dashboard 200 in 1686ms (next.js: 8ms, proxy.ts: 248ms, application-code: 1430ms)
✓ Compiled in 79ms
 GET /login?next=%2Fdashboard 200 in 385ms (next.js: 194ms, proxy.ts: 55ms, application-code: 136ms)
 GET /dashboard 200 in 1226ms (next.js: 387ms, proxy.ts: 755ms, application-code: 84ms)
✓ Compiled in 192ms
 GET /login?next=%2Fdashboard 200 in 456ms (next.js: 239ms, proxy.ts: 68ms, application-code: 148ms)
 GET /dashboard 200 in 868ms (next.js: 543ms, proxy.ts: 194ms, application-code: 131ms)
 GET /dashboard 200 in 3.4s (next.js: 332ms, proxy.ts: 186ms, application-code: 2.9s)
✓ Compiled in 298ms
 GET /login?next=%2Fdashboard 200 in 1729ms (next.js: 1066ms, proxy.ts: 347ms, application-code: 316ms)
 GET /dashboard 200 in 6.2s (next.js: 4.5s, proxy.ts: 572ms, application-code: 1174ms)
 GET /dashboard 200 in 3.5s (next.js: 322ms, proxy.ts: 505ms, application-code: 2.7s)
 GET /dashboard 200 in 2.1s (next.js: 317ms, proxy.ts: 428ms, application-code: 1363ms)
 GET /dashboard 200 in 2.1s (next.js: 64ms, proxy.ts: 663ms, application-code: 1417ms)
 GET /dashboard 200 in 493ms (next.js: 17ms, proxy.ts: 151ms, application-code: 324ms)
